#
# There is insufficient memory for the Java Runtime Environment to continue.
# Native memory allocation (mmap) failed to map 8323072 bytes. Error detail: G1 virtual space
# Possible reasons:
#   The system is out of physical RAM or swap space
#   This process is running with CompressedOops enabled, and the Java Heap may be blocking the growth of the native heap
# Possible solutions:
#   Reduce memory load on the system
#   Increase physical memory or swap space
#   Check if swap backing store is full
#   Decrease Java heap size (-Xmx/-Xms)
#   Decrease number of Java threads
#   Decrease Java thread stack sizes (-Xss)
#   Set larger code cache with -XX:ReservedCodeCacheSize=
#   JVM is running with Zero Based Compressed Oops mode in which the Java heap is
#     placed in the first 32GB address space. The Java Heap base address is the
#     maximum limit for the native heap growth. Please use -XX:HeapBaseMinAddress
#     to set the Java Heap base and to place the Java Heap above 32GB virtual address.
# This output file may be truncated or incomplete.
#
#  Out of Memory Error (os_windows.cpp:3898), pid=11628, tid=1560
#
# JRE version:  (21.0.6+9) (build )
# Java VM: OpenJDK 64-Bit Server VM (21.0.6+9-b895.109, mixed mode, sharing, tiered, compressed oops, compressed class ptrs, g1 gc, windows-amd64)
# No core dump will be written. Minidumps are not enabled by default on client versions of Windows
#

---------------  S U M M A R Y ------------

Command Line: -Djava.io.tmpdir=C:\Users\user\AppData\Local\JetBrains\PyCharmCE2025.1\tmp\statistics-uploader com.intellij.internal.statistic.uploader.EventLogUploader --ide-token C:\Users\user\AppData\Local\JetBrains\PyCharmCE2025.1\token --recorders FUS;MP;IJ_MAP;ML --device-fus 17042513bf3cb3f-4960-4e0c-8735-2b67d146a382 --bucket-fus 94 --machine-fus 3b78f1c068f18c27e852a942e7b0a2e5082615370bf9f5d3c49e2b484261ad59 --id-revision-fus 0 --files-fus C:\Users\user\AppData\Local\JetBrains\PyCharmCE2025.1\event-log-data\logs\FUS\ceab-40be-a377-e62b18c3ad91-251.23774.444-release.log --escape-fus false --device-mp 170425106f818ba-39ed-4f4a-b8d8-02a275de741c --bucket-mp 141 --machine-mp 46e6ab30df9afbeadea46169c30478043b4be2f2b8bf8f89ac23843c5b7b4a1b --id-revision-mp 0 --files-mp C:\Users\user\AppData\Local\JetBrains\PyCharmCE2025.1\event-log-data\logs\MP\fb38-431a-bb20-5080b8badfa6-251.23774.444-release.log --escape-mp false --device-ij_map 17042513bf3cb3f-4960-4e0c-8735-2b67d146a382 --bucket-ij_map 94 --machine-ij_map 3b78f1c068f18c27e852a942e7b0a2e5082615370bf9f5d3c49e2b484261ad59 --id-revision-ij_map 0 --files-ij_map C:\Users\user\AppData\Local\JetBrains\PyCharmCE2025.1\event-log-data\logs\IJ_MAP\0571-4533-ab86-b4dbe218e3f0-251.23774.444-release.log;C:\Users\user\AppData\Local\JetBrains\PyCharmCE2025.1\event-log-data\logs\IJ_MAP\0ecb-492a-96bf-10bb6844e967-251.23774.444-release.log;C:\Users\user\AppData\Local\JetBrains\PyCharmCE2025.1\event-log-data\logs\IJ_MAP\0fca-437b-81e2-7609d9e0399d-251.23774.444-release.log;C:\Users\user\AppData\Local\JetBrains\PyCharmCE2025.1\event-log-data\logs\IJ_MAP\1c0f-46d4-a8de-bfeafd537d6c-251.23774.444-release.log;C:\Users\user\AppData\Local\JetBrains\PyCharmCE2025.1\event-log-data\logs\IJ_MAP\2368-4eaa-882f-e994a43e148f-251.23774.444-release.log --escape-ij_map false --device-ml 17042513bf3cb3f-4960-4e0c-8735-2b67d146a382 --bucket-ml 94 --machine-ml 3b78f1c068f18c27e852a942e7b0a2e5082615370bf9f5d3c49e2b484261ad59 --id-revision-ml 0 --files-ml C:\Users\user\AppData\Local\JetBrains\PyCharmCE2025.1\event-log-data\logs\ML\0cd6-442f-9a5e-e083649cd5f7-251.23774.444-release.log --escape-ml false --url https://resources.jetbrains.com/storage/fus/config/v4/%s/%s.json --product PC --product-version 2025.1 --baseline-version 251 --user-agent PyCharm/251.23774.444 --extra-headers 

Host: 13th Gen Intel(R) Core(TM) i7-13700, 24 cores, 31G,  Windows 11 , 64 bit Build 26100 (10.0.26100.3775)
Time: Thu Apr 24 17:41:48 2025  Windows 11 , 64 bit Build 26100 (10.0.26100.3775) elapsed time: 1.061889 seconds (0d 0h 0m 1s)

---------------  T H R E A D  ---------------

Current thread (0x000001f3efd19d40):  JavaThread "Unknown thread" [_thread_in_vm, id=1560, stack(0x000000964ef00000,0x000000964f000000) (1024K)]

Stack: [0x000000964ef00000,0x000000964f000000]
Native frames: (J=compiled Java code, j=interpreted, Vv=VM code, C=native code)
V  [jvm.dll+0x6e5cb9]
V  [jvm.dll+0x8c4113]
V  [jvm.dll+0x8c666e]
V  [jvm.dll+0x8c6d53]
V  [jvm.dll+0x288f76]
V  [jvm.dll+0x6e2575]
V  [jvm.dll+0x6d602a]
V  [jvm.dll+0x3635db]
V  [jvm.dll+0x36b1a6]
V  [jvm.dll+0x3bd50b]
V  [jvm.dll+0x3bd7c8]
V  [jvm.dll+0x335d2c]
V  [jvm.dll+0x336a1b]
V  [jvm.dll+0x88b569]
V  [jvm.dll+0x3ca6c8]
V  [jvm.dll+0x8745b8]
V  [jvm.dll+0x45f0de]
V  [jvm.dll+0x460dc1]
C  [jli.dll+0x52ab]
C  [ucrtbase.dll+0x37b0]
C  [KERNEL32.DLL+0x2e8d7]
C  [ntdll.dll+0xb14fc]


---------------  P R O C E S S  ---------------

Threads class SMR info:
_java_thread_list=0x00007ffa69dba148, length=0, elements={
}

Java Threads: ( => current thread )
Total: 0

Other Threads:
  0x000001f3f21fb410 WorkerThread "GC Thread#0"                     [id=14104, stack(0x000000964f000000,0x000000964f100000) (1024K)]
  0x000001f3f220c8c0 ConcurrentGCThread "G1 Main Marker"            [id=15296, stack(0x000000964f100000,0x000000964f200000) (1024K)]
  0x000001f3f220e150 WorkerThread "G1 Conc#0"                       [id=14124, stack(0x000000964f200000,0x000000964f300000) (1024K)]

[error occurred during error reporting (printing all threads), id 0xc0000005, EXCEPTION_ACCESS_VIOLATION (0xc0000005) at pc=0x00007ffa694a8e07]
VM state: not at safepoint (not fully initialized)

VM Mutex/Monitor currently owned by a thread:  ([mutex/lock_event])
[0x00007ffa69e2eb30] Heap_lock - owner thread: 0x000001f3efd19d40

Heap address: 0x0000000605c00000, size: 8100 MB, Compressed Oops mode: Zero based, Oop shift amount: 3

CDS archive(s) mapped at: [0x0000000000000000-0x0000000000000000-0x0000000000000000), size 0, SharedBaseAddress: 0x0000000800000000, ArchiveRelocationMode: 1.
Narrow klass base: 0x0000000000000000, Narrow klass shift: 0, Narrow klass range: 0x0

GC Precious Log:
 CardTable entry size: 512
 Card Set container configuration: InlinePtr #cards 4 size 8 Array Of Cards #cards 32 size 80 Howl #buckets 8 coarsen threshold 7372 Howl Bitmap #cards 1024 size 144 coarsen threshold 921 Card regions per heap region 1 cards per card region 8192

Heap:
 garbage-first heap   total 0K, used 0K [0x0000000605c00000, 0x0000000800000000)
  region size 4096K, 0 young (0K), 0 survivors (0K)
 Metaspace       used 0K, committed 0K, reserved 0K
  class space    used 0K, committed 0K, reserved 0K

Heap Regions: E=young(eden), S=young(survivor), O=old, HS=humongous(starts), HC=humongous(continues), CS=collection set, F=free, TAMS=top-at-mark-start, PB=parsable bottom

Card table byte_map: [0x000001f3f7f60000,0x000001f3f8f40000] _byte_map_base: 0x000001f3f4f32000

Marking Bits: (CMBitMap*) 0x000001f3f21fba20
 Bits: [0x000001f38f000000, 0x000001f396e90000)

GC Heap History (0 events):
No events

Dll operation events (1 events):
Event: 0.005 Loaded shared library C:\Program Files\JetBrains\PyCharm\jbr\bin\java.dll

Deoptimization events (0 events):
No events

Classes loaded (0 events):
No events

Classes unloaded (0 events):
No events

Classes redefined (0 events):
No events

Internal exceptions (0 events):
No events

ZGC Phase Switch (0 events):
No events

VM Operations (0 events):
No events

Memory protections (0 events):
No events

Nmethod flushes (0 events):
No events

Events (0 events):
No events


Dynamic libraries:
0x00007ff768900000 - 0x00007ff76890a000 	C:\Program Files\JetBrains\PyCharm\jbr\bin\java.exe
0x00007ffacaac0000 - 0x00007ffacad20000 	C:\WINDOWS\SYSTEM32\ntdll.dll
0x00007ffac9e00000 - 0x00007ffac9ec7000 	C:\WINDOWS\System32\KERNEL32.DLL
0x00007ffac7f40000 - 0x00007ffac830a000 	C:\WINDOWS\System32\KERNELBASE.dll
0x00007ffac8490000 - 0x00007ffac85db000 	C:\WINDOWS\System32\ucrtbase.dll
0x00007ffab65b0000 - 0x00007ffab65cb000 	C:\Program Files\JetBrains\PyCharm\jbr\bin\VCRUNTIME140.dll
0x00007ffaa6290000 - 0x00007ffaa62a8000 	C:\Program Files\JetBrains\PyCharm\jbr\bin\jli.dll
0x00007ffac9430000 - 0x00007ffac95fc000 	C:\WINDOWS\System32\USER32.dll
0x00007ffac7ca0000 - 0x00007ffac7cc7000 	C:\WINDOWS\System32\win32u.dll
0x00007ffaa7640000 - 0x00007ffaa78d7000 	C:\WINDOWS\WinSxS\amd64_microsoft.windows.common-controls_6595b64144ccf1df_6.0.26100.3624_none_3e086962e3345f24\COMCTL32.dll
0x00007ffac9bc0000 - 0x00007ffac9bea000 	C:\WINDOWS\System32\GDI32.dll
0x00007ffaca9d0000 - 0x00007ffacaa79000 	C:\WINDOWS\System32\msvcrt.dll
0x00007ffac7e00000 - 0x00007ffac7f31000 	C:\WINDOWS\System32\gdi32full.dll
0x00007ffac8750000 - 0x00007ffac87f3000 	C:\WINDOWS\System32\msvcp_win.dll
0x00007ffac93f0000 - 0x00007ffac941f000 	C:\WINDOWS\System32\IMM32.DLL
0x00007ffabc470000 - 0x00007ffabc47c000 	C:\Program Files\JetBrains\PyCharm\jbr\bin\vcruntime140_1.dll
0x00007ffa9ae90000 - 0x00007ffa9af1d000 	C:\Program Files\JetBrains\PyCharm\jbr\bin\msvcp140.dll
0x00007ffa69160000 - 0x00007ffa69f21000 	C:\Program Files\JetBrains\PyCharm\jbr\bin\server\jvm.dll
0x00007ffaca2d0000 - 0x00007ffaca382000 	C:\WINDOWS\System32\ADVAPI32.dll
0x00007ffac9280000 - 0x00007ffac9326000 	C:\WINDOWS\System32\sechost.dll
0x00007ffac9990000 - 0x00007ffac9aa6000 	C:\WINDOWS\System32\RPCRT4.dll
0x00007ffac9ab0000 - 0x00007ffac9b24000 	C:\WINDOWS\System32\WS2_32.dll
0x00007ffab3b10000 - 0x00007ffab3b1b000 	C:\WINDOWS\SYSTEM32\VERSION.dll
0x00007ffabd320000 - 0x00007ffabd356000 	C:\WINDOWS\SYSTEM32\WINMM.dll
0x00007ffac6930000 - 0x00007ffac698e000 	C:\WINDOWS\SYSTEM32\POWRPROF.dll
0x00007ffac6910000 - 0x00007ffac6924000 	C:\WINDOWS\SYSTEM32\UMPDC.dll
0x00007ffac6bd0000 - 0x00007ffac6bea000 	C:\WINDOWS\SYSTEM32\kernel.appcore.dll
0x00007ffabc140000 - 0x00007ffabc14a000 	C:\Program Files\JetBrains\PyCharm\jbr\bin\jimage.dll
0x00007ffac4e70000 - 0x00007ffac50b1000 	C:\WINDOWS\SYSTEM32\DBGHELP.DLL
0x00007ffac9600000 - 0x00007ffac9982000 	C:\WINDOWS\System32\combase.dll
0x00007ffac88d0000 - 0x00007ffac89a6000 	C:\WINDOWS\System32\OLEAUT32.dll
0x00007ffa782f0000 - 0x00007ffa78329000 	C:\WINDOWS\SYSTEM32\dbgcore.DLL
0x00007ffac7cd0000 - 0x00007ffac7d69000 	C:\WINDOWS\System32\bcryptPrimitives.dll
0x00007ffab6590000 - 0x00007ffab65b0000 	C:\Program Files\JetBrains\PyCharm\jbr\bin\java.dll

dbghelp: loaded successfully - version: 4.0.5 - missing functions: none
symbol engine: initialized successfully - sym options: 0x614 - pdb path: .;C:\Program Files\JetBrains\PyCharm\jbr\bin;C:\WINDOWS\SYSTEM32;C:\WINDOWS\WinSxS\amd64_microsoft.windows.common-controls_6595b64144ccf1df_6.0.26100.3624_none_3e086962e3345f24;C:\Program Files\JetBrains\PyCharm\jbr\bin\server

VM Arguments:
jvm_args: -Djava.io.tmpdir=C:\Users\user\AppData\Local\JetBrains\PyCharmCE2025.1\tmp\statistics-uploader 
java_command: com.intellij.internal.statistic.uploader.EventLogUploader --ide-token C:\Users\user\AppData\Local\JetBrains\PyCharmCE2025.1\token --recorders FUS;MP;IJ_MAP;ML --device-fus 17042513bf3cb3f-4960-4e0c-8735-2b67d146a382 --bucket-fus 94 --machine-fus 3b78f1c068f18c27e852a942e7b0a2e5082615370bf9f5d3c49e2b484261ad59 --id-revision-fus 0 --files-fus C:\Users\user\AppData\Local\JetBrains\PyCharmCE2025.1\event-log-data\logs\FUS\ceab-40be-a377-e62b18c3ad91-251.23774.444-release.log --escape-fus false --device-mp 170425106f818ba-39ed-4f4a-b8d8-02a275de741c --bucket-mp 141 --machine-mp 46e6ab30df9afbeadea46169c30478043b4be2f2b8bf8f89ac23843c5b7b4a1b --id-revision-mp 0 --files-mp C:\Users\user\AppData\Local\JetBrains\PyCharmCE2025.1\event-log-data\logs\MP\fb38-431a-bb20-5080b8badfa6-251.23774.444-release.log --escape-mp false --device-ij_map 17042513bf3cb3f-4960-4e0c-8735-2b67d146a382 --bucket-ij_map 94 --machine-ij_map 3b78f1c068f18c27e852a942e7b0a2e5082615370bf9f5d3c49e2b484261ad59 --id-revision-ij_map 0 --files-ij_map C:\Users\user\AppData\Local\JetBrains\PyCharmCE2025.1\event-log-data\logs\IJ_MAP\0571-4533-ab86-b4dbe218e3f0-251.23774.444-release.log;C:\Users\user\AppData\Local\JetBrains\PyCharmCE2025.1\event-log-data\logs\IJ_MAP\0ecb-492a-96bf-10bb6844e967-251.23774.444-release.log;C:\Users\user\AppData\Local\JetBrains\PyCharmCE2025.1\event-log-data\logs\IJ_MAP\0fca-437b-81e2-7609d9e0399d-251.23774.444-release.log;C:\Users\user\AppData\Local\JetBrains\PyCharmCE2025.1\event-log-data\logs\IJ_MAP\1c0f-46d4-a8de-bfeafd537d6c-251.23774.444-release.log;C:\Users\user\AppData\Local\JetBrains\PyCharmCE2025.1\event-log-data\logs\IJ_MAP\2368-4eaa-882f-e994a43e148f-251.23774.444-release.log --escape-ij_map false --device-ml 17042513bf3cb3f-4960-4e0c-8735-2b67d146a382 --bucket-ml 94 --machine-ml 3b78f1c068f18c27e852a942e7b0a2e5082615370bf9f5d3c49e2b484261ad59 --id-revision-ml 0 --files-ml C:\Users\user\AppData\Local\JetBrains\PyCharmCE2025.1\event-log-data\logs\ML\0cd6-442f
java_class_path (initial): C:\Program Files\JetBrains\PyCharm\lib\util-8.jar;C:\Program Files\JetBrains\PyCharm\lib\annotations.jar;C:\Program Files\JetBrains\PyCharm\lib\lib-client.jar;C:\Program Files\JetBrains\PyCharm\lib\stats.jar
Launcher Type: SUN_STANDARD

[Global flags]
     intx CICompilerCount                          = 12                                        {product} {ergonomic}
     uint ConcGCThreads                            = 5                                         {product} {ergonomic}
     uint G1ConcRefinementThreads                  = 18                                        {product} {ergonomic}
   size_t G1HeapRegionSize                         = 4194304                                   {product} {ergonomic}
    uintx GCDrainStackTargetSize                   = 64                                        {product} {ergonomic}
   size_t InitialHeapSize                          = 532676608                                 {product} {ergonomic}
   size_t MarkStackSize                            = 4194304                                   {product} {ergonomic}
   size_t MaxHeapSize                              = 8493465600                                {product} {ergonomic}
   size_t MinHeapDeltaBytes                        = 4194304                                   {product} {ergonomic}
   size_t MinHeapSize                              = 8388608                                   {product} {ergonomic}
    uintx NonNMethodCodeHeapSize                   = 7602480                                {pd product} {ergonomic}
    uintx NonProfiledCodeHeapSize                  = 122027880                              {pd product} {ergonomic}
    uintx ProfiledCodeHeapSize                     = 122027880                              {pd product} {ergonomic}
    uintx ReservedCodeCacheSize                    = 251658240                              {pd product} {ergonomic}
     bool SegmentedCodeCache                       = true                                      {product} {ergonomic}
   size_t SoftMaxHeapSize                          = 8493465600                             {manageable} {ergonomic}
     bool UseCompressedOops                        = true                           {product lp64_product} {ergonomic}
     bool UseG1GC                                  = true                                      {product} {ergonomic}
     bool UseLargePagesIndividualAllocation        = false                                  {pd product} {ergonomic}

Logging:
Log output configuration:
 #0: stdout all=warning uptime,level,tags foldmultilines=false
 #1: stderr all=off uptime,level,tags foldmultilines=false

Environment Variables:
JAVA_HOME=C:\Program Files\Java\jdk-17
PATH=C:\oraclexe\app\oracle\product\11.2.0\server\bin;C:\Program Files\Common Files\Oracle\Java\javapath;C:\WINDOWS\system32;C:\WINDOWS;C:\WINDOWS\System32\Wbem;C:\WINDOWS\System32\WindowsPowerShell\v1.0\;C:\WINDOWS\System32\OpenSSH\;C:\Program Files\Bandizip\;C:\Program Files\Java\jdk-17\bin;C:\Program Files\Git\cmd;C:\Users\user\anaconda3;C:\Users\user\anaconda3\Library\mingw-w64\bin;C:\Users\user\anaconda3\Library\usr\bin;C:\Users\user\anaconda3\Library\bin;C:\Users\user\anaconda3\Scripts;C:\Users\user\AppData\Local\Microsoft\WindowsApps
USERNAME=user
OS=Windows_NT
PROCESSOR_IDENTIFIER=Intel64 Family 6 Model 183 Stepping 1, GenuineIntel
TMP=C:\Users\user\AppData\Local\Temp
TEMP=C:\Users\user\AppData\Local\Temp




Periodic native trim disabled

JNI global refs:
JNI global refs: 0, weak refs: 0

JNI global refs memory usage: 0, weak refs: 0

Process memory usage:
Resident Set Size: 13588K (0% of 33165784K total physical memory with 9079720K free physical memory)

OOME stack traces (most recent first):
Classloader memory used:

---------------  S Y S T E M  ---------------

OS:
 Windows 11 , 64 bit Build 26100 (10.0.26100.3775)
OS uptime: 6 days 2:48 hours

CPU: total 24 (initial active 24) (12 cores per cpu, 2 threads per core) family 6 model 183 stepping 1 microcode 0x112, cx8, cmov, fxsr, ht, mmx, 3dnowpref, sse, sse2, sse3, ssse3, sse4.1, sse4.2, popcnt, lzcnt, tsc, tscinvbit, avx, avx2, aes, erms, clmul, bmi1, bmi2, adx, sha, fma, vzeroupper, clflush, clflushopt, clwb, serialize, rdtscp, rdpid, fsrm, f16c, pku, cet_ibt, cet_ss
Processor Information for processor 0
  Max Mhz: 2100, Current Mhz: 2100, Mhz Limit: 2100
Processor Information for processor 1
  Max Mhz: 2100, Current Mhz: 2100, Mhz Limit: 2100
Processor Information for processor 2
  Max Mhz: 2100, Current Mhz: 2100, Mhz Limit: 2100
Processor Information for processor 3
  Max Mhz: 2100, Current Mhz: 2100, Mhz Limit: 2100
Processor Information for processor 4
  Max Mhz: 2100, Current Mhz: 2100, Mhz Limit: 2100
Processor Information for processor 5
  Max Mhz: 2100, Current Mhz: 2100, Mhz Limit: 2100
Processor Information for processor 6
  Max Mhz: 2100, Current Mhz: 2100, Mhz Limit: 2100
Processor Information for processor 7
  Max Mhz: 2100, Current Mhz: 2100, Mhz Limit: 2100
Processor Information for processor 8
  Max Mhz: 2100, Current Mhz: 2100, Mhz Limit: 2100
Processor Information for processor 9
  Max Mhz: 2100, Current Mhz: 2100, Mhz Limit: 2100
Processor Information for processor 10
  Max Mhz: 2100, Current Mhz: 2100, Mhz Limit: 2100
Processor Information for processor 11
  Max Mhz: 2100, Current Mhz: 2100, Mhz Limit: 2100
Processor Information for processor 12
  Max Mhz: 2100, Current Mhz: 2100, Mhz Limit: 2100
Processor Information for processor 13
  Max Mhz: 2100, Current Mhz: 2100, Mhz Limit: 2100
Processor Information for processor 14
  Max Mhz: 2100, Current Mhz: 2100, Mhz Limit: 2100
Processor Information for processor 15
  Max Mhz: 2100, Current Mhz: 2100, Mhz Limit: 2100
Processor Information for processor 16
  Max Mhz: 2100, Current Mhz: 1500, Mhz Limit: 1491
Processor Information for processor 17
  Max Mhz: 2100, Current Mhz: 1500, Mhz Limit: 1491
Processor Information for processor 18
  Max Mhz: 2100, Current Mhz: 1500, Mhz Limit: 1491
Processor Information for processor 19
  Max Mhz: 2100, Current Mhz: 1500, Mhz Limit: 1491
Processor Information for processor 20
  Max Mhz: 2100, Current Mhz: 1500, Mhz Limit: 1491
Processor Information for processor 21
  Max Mhz: 2100, Current Mhz: 1500, Mhz Limit: 1491
Processor Information for processor 22
  Max Mhz: 2100, Current Mhz: 1500, Mhz Limit: 1491
Processor Information for processor 23
  Max Mhz: 2100, Current Mhz: 1500, Mhz Limit: 1491

Memory: 4k page, system-wide physical 32388M (8866M free)
TotalPageFile size 93325M (AvailPageFile size 16M)
current process WorkingSet (physical memory assigned to process): 13M, peak: 13M
current process commit charge ("private bytes"): 590M, peak: 598M

vm_info: OpenJDK 64-Bit Server VM (21.0.6+9-b895.109) for windows-amd64 JRE (21.0.6+9-b895.109), built on 2025-03-26 by "builduser" with MS VC++ 16.10 / 16.11 (VS2019)

END.
